# JRE version: OpenJDK Runtime Environment (8.0_72-b15) (build 1.8.0_72-internal-b15)
# Java VM: OpenJDK Server VM (25.72-b15 mixed mode linux-x86 )
Heap:
 PSYoungGen      total 65792K, used 19941K [0x92b80000, 0x9b8c0000, 0xa6e00000)
  eden space 63232K, 27% used [0x92b80000,0x93c7b468,0x96940000)
  from space 2560K, 99% used [0x96940000,0x96bbe020,0x96bc0000)
  to   space 34048K, 0% used [0x99780000,0x99780000,0x9b8c0000)
 ParOldGen       total 120064K, used 62331K [0x6a600000, 0x71b40000, 0x92b80000)
  object space 120064K, 51% used [0x6a600000,0x6e2dee18,0x71b40000)
 Metaspace       used 10082K, capacity 10264K, committed 10392K, reserved 10544K
GC Heap History (10 events):
Event: 5.648 GC heap before
{Heap before GC invocations=3 (full 0):
 PSYoungGen      total 34304K, used 31964K [0x92b80000, 0x94f80000, 0xa6e00000)
  eden space 31744K, 94% used [0x92b80000,0x948e8bd8,0x94a80000)
  from space 2560K, 72% used [0x94d00000,0x94ece4a8,0x94f80000)
  to   space 2560K, 0% used [0x94a80000,0x94a80000,0x94d00000)
 ParOldGen       total 42496K, used 6083K [0x6a600000, 0x6cf80000, 0x92b80000)
  object space 42496K, 14% used [0x6a600000,0x6abf0c10,0x6cf80000)
 Metaspace       used 9444K, capacity 9596K, committed 9624K, reserved 10544K
Event: 5.686 GC heap after
Heap after GC invocations=3 (full 0):
 PSYoungGen      total 34304K, used 2559K [0x92b80000, 0x96e80000, 0xa6e00000)
  eden space 31744K, 0% used [0x92b80000,0x92b80000,0x94a80000)
  from space 2560K, 99% used [0x94a80000,0x94cfffb8,0x94d00000)
  to   space 2560K, 0% used [0x96c00000,0x96c00000,0x96e80000)
 ParOldGen       total 42496K, used 38761K [0x6a600000, 0x6cf80000, 0x92b80000)
  object space 42496K, 91% used [0x6a600000,0x6cbda490,0x6cf80000)
 Metaspace       used 9444K, capacity 9596K, committed 9624K, reserved 10544K
}
Event: 5.686 GC heap before
{Heap before GC invocations=4 (full 1):
 PSYoungGen      total 34304K, used 2559K [0x92b80000, 0x96e80000, 0xa6e00000)
  eden space 31744K, 0% used [0x92b80000,0x92b80000,0x94a80000)
  from space 2560K, 99% used [0x94a80000,0x94cfffb8,0x94d00000)
  to   space 2560K, 0% used [0x96c00000,0x96c00000,0x96e80000)
 ParOldGen       total 42496K, used 38761K [0x6a600000, 0x6cf80000, 0x92b80000)
  object space 42496K, 91% used [0x6a600000,0x6cbda490,0x6cf80000)
 Metaspace       used 9444K, capacity 9596K, committed 9624K, reserved 10544K
Event: 5.741 GC heap after
Heap after GC invocations=4 (full 1):
 PSYoungGen      total 34304K, used 0K [0x92b80000, 0x96e80000, 0xa6e00000)
  eden space 31744K, 0% used [0x92b80000,0x92b80000,0x94a80000)
  from space 2560K, 0% used [0x94a80000,0x94a80000,0x94d00000)
  to   space 2560K, 0% used [0x96c00000,0x96c00000,0x96e80000)
 ParOldGen       total 81408K, used 25033K [0x6a600000, 0x6f580000, 0x92b80000)
  object space 81408K, 30% used [0x6a600000,0x6be72568,0x6f580000)
 Metaspace       used 9444K, capacity 9596K, committed 9624K, reserved 10544K
}
Event: 7.446 GC heap before
{Heap before GC invocations=5 (full 1):
 PSYoungGen      total 34304K, used 30899K [0x92b80000, 0x96e80000, 0xa6e00000)
  eden space 31744K, 97% used [0x92b80000,0x949acf58,0x94a80000)
  from space 2560K, 0% used [0x94a80000,0x94a80000,0x94d00000)
  to   space 2560K, 0% used [0x96c00000,0x96c00000,0x96e80000)
 ParOldGen       total 81408K, used 25933K [0x6a600000, 0x6f580000, 0x92b80000)
  object space 81408K, 31% used [0x6a600000,0x6bf53578,0x6f580000)
 Metaspace       used 9561K, capacity 9747K, committed 9880K, reserved 10544K
Event: 7.467 GC heap after
Heap after GC invocations=5 (full 1):
 PSYoungGen      total 55552K, used 2274K [0x92b80000, 0x96e40000, 0xa6e00000)
  eden space 53248K, 0% used [0x92b80000,0x92b80000,0x95f80000)
  from space 2304K, 98% used [0x96c00000,0x96e388c0,0x96e40000)
  to   space 2560K, 0% used [0x96940000,0x96940000,0x96bc0000)
 ParOldGen       total 81408K, used 57433K [0x6a600000, 0x6f580000, 0x92b80000)
  object space 81408K, 70% used [0x6a600000,0x6de16600,0x6f580000)
 Metaspace       used 9561K, capacity 9747K, committed 9880K, reserved 10544K
}
Event: 7.467 GC heap before
{Heap before GC invocations=6 (full 2):
 PSYoungGen      total 55552K, used 2274K [0x92b80000, 0x96e40000, 0xa6e00000)
  eden space 53248K, 0% used [0x92b80000,0x92b80000,0x95f80000)
  from space 2304K, 98% used [0x96c00000,0x96e388c0,0x96e40000)
  to   space 2560K, 0% used [0x96940000,0x96940000,0x96bc0000)
 ParOldGen       total 81408K, used 57433K [0x6a600000, 0x6f580000, 0x92b80000)
  object space 81408K, 70% used [0x6a600000,0x6de16600,0x6f580000)
 Metaspace       used 9561K, capacity 9747K, committed 9880K, reserved 10544K
Event: 7.521 GC heap after
Heap after GC invocations=6 (full 2):
 PSYoungGen      total 55552K, used 0K [0x92b80000, 0x96e40000, 0xa6e00000)
  eden space 53248K, 0% used [0x92b80000,0x92b80000,0x95f80000)
  from space 2304K, 0% used [0x96c00000,0x96c00000,0x96e40000)
  to   space 2560K, 0% used [0x96940000,0x96940000,0x96bc0000)
 ParOldGen       total 120064K, used 43374K [0x6a600000, 0x71b40000, 0x92b80000)
  object space 120064K, 36% used [0x6a600000,0x6d05baa8,0x71b40000)
 Metaspace       used 9561K, capacity 9747K, committed 9880K, reserved 10544K
}
Event: 11.334 GC heap before
{Heap before GC invocations=7 (full 2):
 PSYoungGen      total 55552K, used 53248K [0x92b80000, 0x96e40000, 0xa6e00000)
  eden space 53248K, 100% used [0x92b80000,0x95f80000,0x95f80000)
  from space 2304K, 0% used [0x96c00000,0x96c00000,0x96e40000)
  to   space 2560K, 0% used [0x96940000,0x96940000,0x96bc0000)
 ParOldGen       total 120064K, used 46715K [0x6a600000, 0x71b40000, 0x92b80000)
  object space 120064K, 38% used [0x6a600000,0x6d39ed08,0x71b40000)
 Metaspace       used 10049K, capacity 10264K, committed 10392K, reserved 10544K
Event: 11.342 GC heap after
Heap after GC invocations=7 (full 2):
 PSYoungGen      total 65792K, used 2552K [0x92b80000, 0x9b8c0000, 0xa6e00000)
  eden space 63232K, 0% used [0x92b80000,0x92b80000,0x96940000)
  from space 2560K, 99% used [0x96940000,0x96bbe020,0x96bc0000)
  to   space 34048K, 0% used [0x99780000,0x99780000,0x9b8c0000)
 ParOldGen       total 120064K, used 62331K [0x6a600000, 0x71b40000, 0x92b80000)
  object space 120064K, 51% used [0x6a600000,0x6e2dee18,0x71b40000)
 Metaspace       used 10049K, capacity 10264K, committed 10392K, reserved 10544K
}

